<?xml version="1.0" encoding="UTF-8"?>
<!-- Generated by org.testng.reporters.JUnitReportReporter -->
<testsuite hostname="BINALI-106" failures="0" tests="1" name="TestCases.TC_002_LoginTest" time="2.271" errors="0" timestamp="2023-06-15T15:37:22 IST" skipped="0">
  <testcase classname="TestCases.TC_002_LoginTest" name="test_login" time="2.271"/>
</testsuite> <!-- TestCases.TC_002_LoginTest -->
