<?xml version="1.0" encoding="UTF-8"?>
<!-- Generated by org.testng.reporters.JUnitReportReporter -->
<testsuite hostname="BINALI-106" failures="0" tests="1" name="TestCases.TC_001AccountRegistrationTest" time="5.658" errors="0" timestamp="2023-06-15T15:37:22 IST" skipped="0">
  <testcase classname="TestCases.TC_001AccountRegistrationTest" name="test_registrationaccount" time="5.658"/>
</testsuite> <!-- TestCases.TC_001AccountRegistrationTest -->
